<?xml version="1.0" encoding="UTF-8"?>
<!-- Generated by org.testng.reporters.JUnitXMLReporter -->
<testsuite ignored="3" hostname="RomaK-1115" failures="0" tests="1" name="Default test" time="9.928" errors="0" timestamp="07 Sep 2022 11:05:33 GMT">
  <testcase classname="mk.ukim.finki.seleniumtesting.LoginTest" name="shouldOpen" time="7.72"/>
  <testcase classname="mk.ukim.finki.seleniumtesting.LoginTest" name="shouldLogin" time="0.0">
    <ignored/>
  </testcase> <!-- shouldLogin -->
  <testcase classname="mk.ukim.finki.seleniumtesting.LoginTest" name="canNotLoginWithoutUserName" time="0.0">
    <ignored/>
  </testcase> <!-- canNotLoginWithoutUserName -->
  <testcase classname="mk.ukim.finki.seleniumtesting.LoginTest" name="canNotLoginWithInvalidPassword" time="0.0">
    <ignored/>
  </testcase> <!-- canNotLoginWithInvalidPassword -->
</testsuite> <!-- Default test -->
