<?xml version="1.0" encoding="UTF-8"?>
<testng-results ignored="3" total="4" passed="1" failed="0" skipped="0">
  <reporter-output>
  </reporter-output>
  <suite started-at="2022-09-07T11:05:23Z" name="Default suite" finished-at="2022-09-07T11:05:33Z" duration-ms="9928">
    <groups>
    </groups>
    <test started-at="2022-09-07T11:05:23Z" name="Default test" finished-at="2022-09-07T11:05:33Z" duration-ms="9928">
      <class name="mk.ukim.finki.seleniumtesting.LoginTest">
        <test-method is-config="true" signature="setup()[pri:0, instance:mk.ukim.finki.seleniumtesting.LoginTest@71e693fa]" started-at="2022-09-07T11:05:23Z" name="setup" finished-at="2022-09-07T11:05:25Z" duration-ms="1902" status="PASS">
          <reporter-output>
          </reporter-output>
        </test-method> <!-- setup -->
        <test-method signature="shouldOpen()[pri:0, instance:mk.ukim.finki.seleniumtesting.LoginTest@71e693fa]" started-at="2022-09-07T11:05:25Z" name="shouldOpen" finished-at="2022-09-07T11:05:33Z" duration-ms="7720" status="PASS">
          <reporter-output>
          </reporter-output>
        </test-method> <!-- shouldOpen -->
        <test-method is-config="true" signature="teardown()[pri:0, instance:mk.ukim.finki.seleniumtesting.LoginTest@71e693fa]" started-at="2022-09-07T11:05:33Z" name="teardown" finished-at="2022-09-07T11:05:33Z" duration-ms="293" status="PASS">
          <reporter-output>
          </reporter-output>
        </test-method> <!-- teardown -->
      </class> <!-- mk.ukim.finki.seleniumtesting.LoginTest -->
    </test> <!-- Default test -->
  </suite> <!-- Default suite -->
</testng-results>
